
  .   ____          _            __ _ _
 /\\ / ___'_ __ _ _(_)_ __  __ _ \ \ \ \
( ( )\___ | '_ | '_| | '_ \/ _` | \ \ \ \
 \\/  ___)| |_)| | | | | || (_| |  ) ) ) )
  '  |____| .__|_| |_|_| |_\__, | / / / /
 =========|_|==============|___/=/_/_/_/

 :: Spring Boot ::                (v4.0.0)

2025-11-28T21:17:57.847+05:30  INFO 82419 --- [TaskManagementAPI] [           main] c.P.T.TaskManagementApiApplication       : Starting TaskManagementApiApplication v0.0.1-SNAPSHOT using Java 21.0.8 with PID 82419 (/Users/yash_2111825/Downloads/TaskManagementAPI/target/TaskManagementAPI-0.0.1-SNAPSHOT.jar started by yash_2111825 in /Users/yash_2111825/Downloads/TaskManagementAPI)
2025-11-28T21:17:57.851+05:30  INFO 82419 --- [TaskManagementAPI] [           main] c.P.T.TaskManagementApiApplication       : No active profile set, falling back to 1 default profile: "default"
2025-11-28T21:17:58.724+05:30  INFO 82419 --- [TaskManagementAPI] [           main] .s.d.r.c.RepositoryConfigurationDelegate : Bootstrapping Spring Data JPA repositories in DEFAULT mode.
2025-11-28T21:17:58.780+05:30  INFO 82419 --- [TaskManagementAPI] [           main] .s.d.r.c.RepositoryConfigurationDelegate : Finished Spring Data repository scanning in 48 ms. Found 3 JPA repository interfaces.
2025-11-28T21:17:59.385+05:30  INFO 82419 --- [TaskManagementAPI] [           main] o.s.boot.tomcat.TomcatWebServer          : Tomcat initialized with port 9090 (http)
2025-11-28T21:17:59.408+05:30  INFO 82419 --- [TaskManagementAPI] [           main] o.apache.catalina.core.StandardService   : Starting service [Tomcat]
2025-11-28T21:17:59.408+05:30  INFO 82419 --- [TaskManagementAPI] [           main] o.apache.catalina.core.StandardEngine    : Starting Servlet engine: [Apache Tomcat/11.0.14]
2025-11-28T21:17:59.434+05:30  INFO 82419 --- [TaskManagementAPI] [           main] b.w.c.s.WebApplicationContextInitializer : Root WebApplicationContext: initialization completed in 1489 ms
2025-11-28T21:17:59.842+05:30  INFO 82419 --- [TaskManagementAPI] [           main] com.zaxxer.hikari.HikariDataSource       : HikariPool-1 - Starting...
2025-11-28T21:18:00.158+05:30  INFO 82419 --- [TaskManagementAPI] [           main] com.zaxxer.hikari.pool.HikariPool        : HikariPool-1 - Added connection org.postgresql.jdbc.PgConnection@2baf72d5
2025-11-28T21:18:00.162+05:30  INFO 82419 --- [TaskManagementAPI] [           main] com.zaxxer.hikari.HikariDataSource       : HikariPool-1 - Start completed.
2025-11-28T21:18:00.230+05:30  INFO 82419 --- [TaskManagementAPI] [           main] org.flywaydb.core.FlywayExecutor         : Database: jdbc:postgresql://localhost:5432/ProU (PostgreSQL 14.19)
2025-11-28T21:18:00.313+05:30  INFO 82419 --- [TaskManagementAPI] [           main] o.f.core.internal.command.DbValidate     : Successfully validated 2 migrations (execution time 00:00.047s)
2025-11-28T21:18:00.326+05:30  INFO 82419 --- [TaskManagementAPI] [           main] o.f.core.internal.command.DbMigrate      : Current version of schema "public": 2
2025-11-28T21:18:00.329+05:30  INFO 82419 --- [TaskManagementAPI] [           main] o.f.core.internal.command.DbMigrate      : Schema "public" is up to date. No migration necessary.
2025-11-28T21:18:00.397+05:30  INFO 82419 --- [TaskManagementAPI] [           main] o.hibernate.jpa.internal.util.LogHelper  : HHH000204: Processing PersistenceUnitInfo [name: default]
2025-11-28T21:18:00.449+05:30  INFO 82419 --- [TaskManagementAPI] [           main] org.hibernate.Version                    : HHH000412: Hibernate ORM core version 7.1.8.Final
2025-11-28T21:18:00.852+05:30  INFO 82419 --- [TaskManagementAPI] [           main] o.s.o.j.p.SpringPersistenceUnitInfo      : No LoadTimeWeaver setup: ignoring JPA class transformer
2025-11-28T21:18:00.910+05:30  WARN 82419 --- [TaskManagementAPI] [           main] org.hibernate.orm.deprecation            : HHH90000025: PostgreSQLDialect does not need to be specified explicitly using 'hibernate.dialect' (remove the property setting and it will be selected by default)
2025-11-28T21:18:00.921+05:30  INFO 82419 --- [TaskManagementAPI] [           main] org.hibernate.orm.connections.pooling    : HHH10001005: Database info:
	Database JDBC URL [jdbc:postgresql://localhost:5432/ProU]
	Database driver: PostgreSQL JDBC Driver
	Database dialect: PostgreSQLDialect
	Database version: 14.19
	Default catalog/schema: ProU/public
	Autocommit mode: undefined/unknown
	Isolation level: READ_COMMITTED [default READ_COMMITTED]
	JDBC fetch size: none
	Pool: DatasourceConnectionProviderImpl
	Minimum pool size: undefined/unknown
	Maximum pool size: undefined/unknown
2025-11-28T21:18:01.732+05:30  INFO 82419 --- [TaskManagementAPI] [           main] o.h.e.t.j.p.i.JtaPlatformInitiator       : HHH000489: No JTA platform available (set 'hibernate.transaction.jta.platform' to enable JTA platform integration)
2025-11-28T21:18:01.739+05:30  INFO 82419 --- [TaskManagementAPI] [           main] j.LocalContainerEntityManagerFactoryBean : Initialized JPA EntityManagerFactory for persistence unit 'default'
2025-11-28T21:18:01.803+05:30  INFO 82419 --- [TaskManagementAPI] [           main] o.s.d.j.r.query.QueryEnhancerFactories   : Hibernate is in classpath; If applicable, HQL parser will be used.
2025-11-28T21:18:01.966+05:30  WARN 82419 --- [TaskManagementAPI] [           main] JpaBaseConfiguration$JpaWebConfiguration : spring.jpa.open-in-view is enabled by default. Therefore, database queries may be performed during view rendering. Explicitly configure spring.jpa.open-in-view to disable this warning
2025-11-28T21:18:02.027+05:30  INFO 82419 --- [TaskManagementAPI] [           main] r$InitializeUserDetailsManagerConfigurer : Global AuthenticationManager configured with UserDetailsService bean with name userDetailsService
2025-11-28T21:18:02.435+05:30  INFO 82419 --- [TaskManagementAPI] [           main] o.s.boot.tomcat.TomcatWebServer          : Tomcat started on port 9090 (http) with context path '/'
2025-11-28T21:18:02.442+05:30  INFO 82419 --- [TaskManagementAPI] [           main] c.P.T.TaskManagementApiApplication       : Started TaskManagementApiApplication in 5.194 seconds (process running for 6.176)
Hibernate: select ua1_0.id,ua1_0.created_at,ua1_0.password,ua1_0.role,ua1_0.username from users ua1_0 where ua1_0.username=?
2025-11-28T21:18:18.443+05:30  INFO 82419 --- [TaskManagementAPI] [nio-9090-exec-1] o.a.c.c.C.[Tomcat].[localhost].[/]       : Initializing Spring DispatcherServlet 'dispatcherServlet'
2025-11-28T21:18:18.444+05:30  INFO 82419 --- [TaskManagementAPI] [nio-9090-exec-1] o.s.web.servlet.DispatcherServlet        : Initializing Servlet 'dispatcherServlet'
2025-11-28T21:18:18.447+05:30  INFO 82419 --- [TaskManagementAPI] [nio-9090-exec-1] o.s.web.servlet.DispatcherServlet        : Completed initialization in 3 ms
Hibernate: select ua1_0.id,ua1_0.created_at,ua1_0.password,ua1_0.role,ua1_0.username from users ua1_0 where ua1_0.username=?
Hibernate: select e1_0.id,e1_0.created_at,e1_0.email,e1_0.name from employees e1_0
Hibernate: select ua1_0.id,ua1_0.created_at,ua1_0.password,ua1_0.role,ua1_0.username from users ua1_0 where ua1_0.username=?
Hibernate: select ua1_0.id,ua1_0.created_at,ua1_0.password,ua1_0.role,ua1_0.username from users ua1_0 where ua1_0.username=?
Hibernate: insert into tasks (assigned_to_id,created_at,description,due_date,status,title,updated_at) values (?,?,?,?,?,?,?)
